{"/Users/thibault/Documents/Projects/Myloo/auth/src/app.ts": {"path":"/Users/thibault/Documents/Projects/Myloo/auth/src/app.ts","statementMap":{"0":{"start":{"line":1,"column":0},"end":{"line":1,"column":30}},"1":{"start":{"line":2,"column":0},"end":{"line":2,"column":30}},"2":{"start":{"line":3,"column":0},"end":{"line":3,"column":43}},"3":{"start":{"line":4,"column":0},"end":{"line":4,"column":24}},"4":{"start":{"line":6,"column":0},"end":{"line":6,"column":48}},"5":{"start":{"line":7,"column":0},"end":{"line":7,"column":47}},"6":{"start":{"line":8,"column":0},"end":{"line":8,"column":86}},"7":{"start":{"line":11,"column":12},"end":{"line":11,"column":30}},"8":{"start":{"line":14,"column":0},"end":{"line":14,"column":30}},"9":{"start":{"line":15,"column":0},"end":{"line":15,"column":48}},"10":{"start":{"line":18,"column":0},"end":{"line":18,"column":56}},"11":{"start":{"line":21,"column":0},"end":{"line":26,"column":2}},"12":{"start":{"line":28,"column":0},"end":{"line":28,"column":null}},"13":{"start":{"line":29,"column":0},"end":{"line":29,"column":null}},"14":{"start":{"line":32,"column":0},"end":{"line":34,"column":3}},"15":{"start":{"line":32,"column":24},"end":{"line":34,"column":2}},"16":{"start":{"line":33,"column":4},"end":{"line":33,"column":30}},"17":{"start":{"line":37,"column":0},"end":{"line":37,"column":32}},"18":{"start":{"line":39,"column":0},"end":{"line":39,"column":null}}},"fnMap":{"0":{"name":"(anonymous_8)","decl":{"start":{"line":32,"column":13},"end":{"line":32,"column":22}},"loc":{"start":{"line":32,"column":24},"end":{"line":34,"column":2}}},"1":{"name":"(anonymous_9)","decl":{"start":{"line":32,"column":24},"end":{"line":32,"column":null}},"loc":{"start":{"line":32,"column":24},"end":{"line":34,"column":1}}}},"branchMap":{},"s":{"0":7,"1":7,"2":7,"3":7,"4":7,"5":7,"6":7,"7":7,"8":7,"9":7,"10":7,"11":7,"12":7,"13":7,"14":7,"15":0,"16":0,"17":7,"18":7},"f":{"0":0,"1":0},"b":{}}
,"/Users/thibault/Documents/Projects/Myloo/auth/src/controllers/signin-controller.ts": {"path":"/Users/thibault/Documents/Projects/Myloo/auth/src/controllers/signin-controller.ts","statementMap":{"0":{"start":{"line":2,"column":0},"end":{"line":2,"column":42}},"1":{"start":{"line":3,"column":0},"end":{"line":3,"column":41}},"2":{"start":{"line":5,"column":0},"end":{"line":5,"column":31}},"3":{"start":{"line":6,"column":0},"end":{"line":6,"column":46}},"4":{"start":{"line":8,"column":22},"end":{"line":40,"column":null}},"5":{"start":{"line":8,"column":59},"end":{"line":40,"column":null}},"6":{"start":{"line":9,"column":32},"end":{"line":9,"column":40}},"7":{"start":{"line":11,"column":25},"end":{"line":11,"column":54}},"8":{"start":{"line":12,"column":4},"end":{"line":14,"column":null}},"9":{"start":{"line":13,"column":8},"end":{"line":13,"column":57}},"10":{"start":{"line":16,"column":27},"end":{"line":18,"column":null}},"11":{"start":{"line":21,"column":4},"end":{"line":23,"column":null}},"12":{"start":{"line":22,"column":8},"end":{"line":22,"column":57}},"13":{"start":{"line":26,"column":20},"end":{"line":31,"column":null}},"14":{"start":{"line":34,"column":4},"end":{"line":36,"column":6}},"15":{"start":{"line":38,"column":4},"end":{"line":38,"column":39}},"16":{"start":{"line":8,"column":13},"end":{"line":8,"column":22}}},"fnMap":{"0":{"name":"(anonymous_8)","decl":{"start":{"line":8,"column":22},"end":{"line":8,"column":29}},"loc":{"start":{"line":8,"column":59},"end":{"line":40,"column":null}}},"1":{"name":"(anonymous_9)","decl":{"start":{"line":8,"column":59},"end":{"line":8,"column":null}},"loc":{"start":{"line":8,"column":59},"end":{"line":40,"column":1}}}},"branchMap":{"0":{"loc":{"start":{"line":12,"column":4},"end":{"line":14,"column":null}},"type":"if","locations":[{"start":{"line":12,"column":4},"end":{"line":14,"column":null}}]},"1":{"loc":{"start":{"line":21,"column":4},"end":{"line":23,"column":null}},"type":"if","locations":[{"start":{"line":21,"column":4},"end":{"line":23,"column":null}}]}},"s":{"0":7,"1":7,"2":7,"3":7,"4":7,"5":3,"6":3,"7":3,"8":3,"9":1,"10":2,"11":2,"12":1,"13":1,"14":1,"15":1,"16":7},"f":{"0":3,"1":3},"b":{"0":[1],"1":[1]}}
,"/Users/thibault/Documents/Projects/Myloo/auth/src/controllers/signout-controller.ts": {"path":"/Users/thibault/Documents/Projects/Myloo/auth/src/controllers/signout-controller.ts","statementMap":{"0":{"start":{"line":3,"column":23},"end":{"line":6,"column":null}},"1":{"start":{"line":3,"column":60},"end":{"line":6,"column":null}},"2":{"start":{"line":4,"column":4},"end":{"line":4,"column":23}},"3":{"start":{"line":5,"column":4},"end":{"line":5,"column":17}},"4":{"start":{"line":3,"column":13},"end":{"line":3,"column":23}}},"fnMap":{"0":{"name":"(anonymous_7)","decl":{"start":{"line":3,"column":23},"end":{"line":3,"column":30}},"loc":{"start":{"line":3,"column":60},"end":{"line":6,"column":null}}},"1":{"name":"(anonymous_8)","decl":{"start":{"line":3,"column":60},"end":{"line":3,"column":null}},"loc":{"start":{"line":3,"column":60},"end":{"line":6,"column":1}}}},"branchMap":{},"s":{"0":7,"1":1,"2":1,"3":1,"4":7},"f":{"0":1,"1":1},"b":{}}
,"/Users/thibault/Documents/Projects/Myloo/auth/src/controllers/signup-controller.ts": {"path":"/Users/thibault/Documents/Projects/Myloo/auth/src/controllers/signup-controller.ts","statementMap":{"0":{"start":{"line":2,"column":0},"end":{"line":2,"column":42}},"1":{"start":{"line":3,"column":0},"end":{"line":3,"column":31}},"2":{"start":{"line":4,"column":0},"end":{"line":4,"column":46}},"3":{"start":{"line":6,"column":22},"end":{"line":35,"column":null}},"4":{"start":{"line":6,"column":59},"end":{"line":35,"column":null}},"5":{"start":{"line":7,"column":30},"end":{"line":7,"column":38}},"6":{"start":{"line":9,"column":25},"end":{"line":9,"column":52}},"7":{"start":{"line":11,"column":4},"end":{"line":13,"column":null}},"8":{"start":{"line":12,"column":8},"end":{"line":12,"column":50}},"9":{"start":{"line":15,"column":17},"end":{"line":15,"column":46}},"10":{"start":{"line":16,"column":4},"end":{"line":16,"column":22}},"11":{"start":{"line":18,"column":20},"end":{"line":23,"column":null}},"12":{"start":{"line":26,"column":4},"end":{"line":28,"column":6}},"13":{"start":{"line":30,"column":4},"end":{"line":30,"column":31}},"14":{"start":{"line":6,"column":13},"end":{"line":6,"column":22}}},"fnMap":{"0":{"name":"(anonymous_8)","decl":{"start":{"line":6,"column":22},"end":{"line":6,"column":29}},"loc":{"start":{"line":6,"column":59},"end":{"line":35,"column":null}}},"1":{"name":"(anonymous_9)","decl":{"start":{"line":6,"column":59},"end":{"line":6,"column":null}},"loc":{"start":{"line":6,"column":59},"end":{"line":35,"column":1}}}},"branchMap":{"0":{"loc":{"start":{"line":11,"column":4},"end":{"line":13,"column":null}},"type":"if","locations":[{"start":{"line":11,"column":4},"end":{"line":13,"column":null}}]}},"s":{"0":7,"1":7,"2":7,"3":7,"4":7,"5":7,"6":7,"7":7,"8":1,"9":6,"10":6,"11":6,"12":6,"13":6,"14":7},"f":{"0":7,"1":7},"b":{"0":[1]}}
,"/Users/thibault/Documents/Projects/Myloo/auth/src/controllers/user-controller.ts": {"path":"/Users/thibault/Documents/Projects/Myloo/auth/src/controllers/user-controller.ts","statementMap":{"0":{"start":{"line":3,"column":27},"end":{"line":5,"column":null}},"1":{"start":{"line":3,"column":64},"end":{"line":5,"column":null}},"2":{"start":{"line":4,"column":4},"end":{"line":4,"column":53}},"3":{"start":{"line":3,"column":13},"end":{"line":3,"column":27}}},"fnMap":{"0":{"name":"(anonymous_7)","decl":{"start":{"line":3,"column":27},"end":{"line":3,"column":34}},"loc":{"start":{"line":3,"column":64},"end":{"line":5,"column":null}}},"1":{"name":"(anonymous_8)","decl":{"start":{"line":3,"column":64},"end":{"line":3,"column":null}},"loc":{"start":{"line":3,"column":64},"end":{"line":5,"column":1}}}},"branchMap":{"0":{"loc":{"start":{"line":4,"column":27},"end":{"line":4,"column":50}},"type":"binary-expr","locations":[{"start":{"line":4,"column":27},"end":{"line":4,"column":42}},{"start":{"line":4,"column":46},"end":{"line":4,"column":50}}]}},"s":{"0":7,"1":3,"2":3,"3":7},"f":{"0":3,"1":3},"b":{"0":[3,2]}}
,"/Users/thibault/Documents/Projects/Myloo/auth/src/controllers/view-controller.ts": {"path":"/Users/thibault/Documents/Projects/Myloo/auth/src/controllers/view-controller.ts","statementMap":{"0":{"start":{"line":3,"column":25},"end":{"line":7,"column":2}},"1":{"start":{"line":3,"column":61},"end":{"line":7,"column":2}},"2":{"start":{"line":4,"column":4},"end":{"line":6,"column":43}},"3":{"start":{"line":3,"column":13},"end":{"line":3,"column":25}}},"fnMap":{"0":{"name":"(anonymous_7)","decl":{"start":{"line":3,"column":25},"end":{"line":3,"column":31}},"loc":{"start":{"line":3,"column":61},"end":{"line":7,"column":2}}},"1":{"name":"(anonymous_8)","decl":{"start":{"line":3,"column":61},"end":{"line":3,"column":null}},"loc":{"start":{"line":3,"column":61},"end":{"line":7,"column":1}}}},"branchMap":{},"s":{"0":7,"1":2,"2":2,"3":7},"f":{"0":2,"1":2},"b":{}}
,"/Users/thibault/Documents/Projects/Myloo/auth/src/models/user-model.ts": {"path":"/Users/thibault/Documents/Projects/Myloo/auth/src/models/user-model.ts","statementMap":{"0":{"start":{"line":1,"column":0},"end":{"line":1,"column":32}},"1":{"start":{"line":2,"column":0},"end":{"line":2,"column":41}},"2":{"start":{"line":24,"column":19},"end":{"line":60,"column":null}},"3":{"start":{"line":54,"column":16},"end":{"line":54,"column":33}},"4":{"start":{"line":55,"column":16},"end":{"line":55,"column":31}},"5":{"start":{"line":56,"column":16},"end":{"line":56,"column":36}},"6":{"start":{"line":57,"column":16},"end":{"line":57,"column":31}},"7":{"start":{"line":63,"column":0},"end":{"line":69,"column":3}},"8":{"start":{"line":64,"column":4},"end":{"line":67,"column":null}},"9":{"start":{"line":65,"column":23},"end":{"line":65,"column":66}},"10":{"start":{"line":66,"column":8},"end":{"line":66,"column":37}},"11":{"start":{"line":68,"column":4},"end":{"line":68,"column":11}},"12":{"start":{"line":72,"column":0},"end":{"line":74,"column":2}},"13":{"start":{"line":73,"column":4},"end":{"line":73,"column":27}},"14":{"start":{"line":76,"column":13},"end":{"line":76,"column":67}},"15":{"start":{"line":78,"column":9},"end":{"line":78,"column":13}}},"fnMap":{"0":{"name":"(anonymous_8)","decl":{"start":{"line":53,"column":12},"end":{"line":53,"column":21}},"loc":{"start":{"line":53,"column":30},"end":{"line":58,"column":13}}},"1":{"name":"(anonymous_9)","decl":{"start":{"line":63,"column":23},"end":{"line":63,"column":38}},"loc":{"start":{"line":63,"column":42},"end":{"line":69,"column":2}}},"2":{"name":"(anonymous_11)","decl":{"start":{"line":72,"column":27},"end":{"line":72,"column":28}},"loc":{"start":{"line":72,"column":48},"end":{"line":74,"column":1}}}},"branchMap":{"0":{"loc":{"start":{"line":64,"column":4},"end":{"line":67,"column":null}},"type":"if","locations":[{"start":{"line":64,"column":4},"end":{"line":67,"column":null}}]}},"s":{"0":7,"1":7,"2":7,"3":7,"4":7,"5":7,"6":7,"7":7,"8":6,"9":6,"10":6,"11":6,"12":7,"13":6,"14":7,"15":7},"f":{"0":7,"1":6,"2":6},"b":{"0":[6]}}
,"/Users/thibault/Documents/Projects/Myloo/auth/src/routes/user-routes.ts": {"path":"/Users/thibault/Documents/Projects/Myloo/auth/src/routes/user-routes.ts","statementMap":{"0":{"start":{"line":1,"column":0},"end":{"line":1,"column":30}},"1":{"start":{"line":2,"column":0},"end":{"line":2,"column":56}},"2":{"start":{"line":3,"column":0},"end":{"line":3,"column":39}},"3":{"start":{"line":4,"column":0},"end":{"line":4,"column":58}},"4":{"start":{"line":5,"column":0},"end":{"line":5,"column":56}},"5":{"start":{"line":6,"column":0},"end":{"line":6,"column":77}},"6":{"start":{"line":7,"column":0},"end":{"line":7,"column":69}},"7":{"start":{"line":10,"column":15},"end":{"line":10,"column":31}},"8":{"start":{"line":45,"column":18},"end":{"line":45,"column":28}},"9":{"start":{"line":12,"column":0},"end":{"line":23,"column":null}},"10":{"start":{"line":25,"column":0},"end":{"line":27,"column":null}},"11":{"start":{"line":29,"column":0},"end":{"line":39,"column":null}},"12":{"start":{"line":41,"column":0},"end":{"line":43,"column":null}}},"fnMap":{},"branchMap":{},"s":{"0":7,"1":7,"2":7,"3":7,"4":7,"5":7,"6":7,"7":7,"8":7,"9":7,"10":7,"11":7,"12":7},"f":{},"b":{}}
,"/Users/thibault/Documents/Projects/Myloo/auth/src/routes/view-route.ts": {"path":"/Users/thibault/Documents/Projects/Myloo/auth/src/routes/view-route.ts","statementMap":{"0":{"start":{"line":1,"column":0},"end":{"line":1,"column":30}},"1":{"start":{"line":2,"column":0},"end":{"line":2,"column":57}},"2":{"start":{"line":4,"column":15},"end":{"line":4,"column":31}},"3":{"start":{"line":9,"column":18},"end":{"line":9,"column":28}},"4":{"start":{"line":5,"column":0},"end":{"line":7,"column":20}}},"fnMap":{},"branchMap":{},"s":{"0":7,"1":7,"2":7,"3":7,"4":7},"f":{},"b":{}}
,"/Users/thibault/Documents/Projects/Myloo/auth/src/utils/password.ts": {"path":"/Users/thibault/Documents/Projects/Myloo/auth/src/utils/password.ts","statementMap":{"0":{"start":{"line":1,"column":0},"end":{"line":1,"column":45}},"1":{"start":{"line":2,"column":0},"end":{"line":2,"column":33}},"2":{"start":{"line":4,"column":20},"end":{"line":4,"column":37}},"3":{"start":{"line":15,"column":21},"end":{"line":15,"column":51}},"4":{"start":{"line":16,"column":21},"end":{"line":16,"column":58}},"5":{"start":{"line":18,"column":8},"end":{"line":18,"column":48}},"6":{"start":{"line":28,"column":39},"end":{"line":28,"column":64}},"7":{"start":{"line":29,"column":21},"end":{"line":29,"column":66}},"8":{"start":{"line":30,"column":8},"end":{"line":30,"column":null}},"9":{"start":{"line":31,"column":8},"end":{"line":31,"column":54}},"10":{"start":{"line":35,"column":0},"end":{"line":35,"column":null}}},"fnMap":{"0":{"name":"(anonymous_7)","decl":{"start":{"line":14,"column":4},"end":{"line":14,"column":10}},"loc":{"start":{"line":14,"column":40},"end":{"line":19,"column":null}}},"1":{"name":"(anonymous_9)","decl":{"start":{"line":27,"column":4},"end":{"line":27,"column":10}},"loc":{"start":{"line":27,"column":73},"end":{"line":32,"column":null}}}},"branchMap":{},"s":{"0":8,"1":8,"2":8,"3":9,"4":9,"5":9,"6":4,"7":4,"8":4,"9":4,"10":8},"f":{"0":9,"1":4},"b":{}}
}
