TN:
SF:src/app.ts
FN:32,(anonymous_8)
FN:32,(anonymous_9)
FNF:2
FNH:0
FNDA:0,(anonymous_8)
FNDA:0,(anonymous_9)
DA:1,7
DA:2,7
DA:3,7
DA:4,7
DA:6,7
DA:7,7
DA:8,7
DA:11,7
DA:14,7
DA:15,7
DA:18,7
DA:21,7
DA:28,7
DA:29,7
DA:32,7
DA:33,0
DA:37,7
DA:39,7
LF:18
LH:17
BRF:0
BRH:0
end_of_record
TN:
SF:src/controllers/signin-controller.ts
FN:8,(anonymous_8)
FN:8,(anonymous_9)
FNF:2
FNH:2
FNDA:3,(anonymous_8)
FNDA:3,(anonymous_9)
DA:2,7
DA:3,7
DA:5,7
DA:6,7
DA:8,7
DA:9,3
DA:11,3
DA:12,3
DA:13,1
DA:16,2
DA:21,2
DA:22,1
DA:26,1
DA:34,1
DA:38,1
LF:15
LH:15
BRDA:12,0,0,1
BRDA:21,1,0,1
BRF:2
BRH:2
end_of_record
TN:
SF:src/controllers/signout-controller.ts
FN:3,(anonymous_7)
FN:3,(anonymous_8)
FNF:2
FNH:2
FNDA:1,(anonymous_7)
FNDA:1,(anonymous_8)
DA:3,7
DA:4,1
DA:5,1
LF:3
LH:3
BRF:0
BRH:0
end_of_record
TN:
SF:src/controllers/signup-controller.ts
FN:6,(anonymous_8)
FN:6,(anonymous_9)
FNF:2
FNH:2
FNDA:7,(anonymous_8)
FNDA:7,(anonymous_9)
DA:2,7
DA:3,7
DA:4,7
DA:6,7
DA:7,7
DA:9,7
DA:11,7
DA:12,1
DA:15,6
DA:16,6
DA:18,6
DA:26,6
DA:30,6
LF:13
LH:13
BRDA:11,0,0,1
BRF:1
BRH:1
end_of_record
TN:
SF:src/controllers/user-controller.ts
FN:3,(anonymous_7)
FN:3,(anonymous_8)
FNF:2
FNH:2
FNDA:3,(anonymous_7)
FNDA:3,(anonymous_8)
DA:3,7
DA:4,3
LF:2
LH:2
BRDA:4,0,0,3
BRDA:4,0,1,2
BRF:2
BRH:2
end_of_record
TN:
SF:src/controllers/view-controller.ts
FN:3,(anonymous_7)
FN:3,(anonymous_8)
FNF:2
FNH:2
FNDA:2,(anonymous_7)
FNDA:2,(anonymous_8)
DA:3,7
DA:4,2
LF:2
LH:2
BRF:0
BRH:0
end_of_record
TN:
SF:src/models/user-model.ts
FN:53,(anonymous_8)
FN:63,(anonymous_9)
FN:72,(anonymous_11)
FNF:3
FNH:3
FNDA:7,(anonymous_8)
FNDA:6,(anonymous_9)
FNDA:6,(anonymous_11)
DA:1,7
DA:2,7
DA:24,7
DA:54,7
DA:55,7
DA:56,7
DA:57,7
DA:63,7
DA:64,6
DA:65,6
DA:66,6
DA:68,6
DA:72,7
DA:73,6
DA:76,7
DA:78,7
LF:16
LH:16
BRDA:64,0,0,6
BRF:1
BRH:1
end_of_record
TN:
SF:src/routes/user-routes.ts
FNF:0
FNH:0
DA:1,7
DA:2,7
DA:3,7
DA:4,7
DA:5,7
DA:6,7
DA:7,7
DA:10,7
DA:12,7
DA:25,7
DA:29,7
DA:41,7
DA:45,7
LF:13
LH:13
BRF:0
BRH:0
end_of_record
TN:
SF:src/routes/view-route.ts
FNF:0
FNH:0
DA:1,7
DA:2,7
DA:4,7
DA:5,7
DA:9,7
LF:5
LH:5
BRF:0
BRH:0
end_of_record
TN:
SF:src/utils/password.ts
FN:14,(anonymous_7)
FN:27,(anonymous_9)
FNF:2
FNH:2
FNDA:9,(anonymous_7)
FNDA:4,(anonymous_9)
DA:1,8
DA:2,8
DA:4,8
DA:15,9
DA:16,9
DA:18,9
DA:28,4
DA:29,4
DA:30,4
DA:31,4
DA:35,8
LF:11
LH:11
BRF:0
BRH:0
end_of_record
